<?xml version="1.0" encoding="UTF-8"?>
<testng-results ignored="0" total="4" passed="4" failed="0" skipped="0">
  <reporter-output>
  </reporter-output>
  <suite started-at="2023-08-10T20:27:16 IST" name="Default suite" finished-at="2023-08-10T20:27:41 IST" duration-ms="25414">
    <groups>
    </groups>
    <test started-at="2023-08-10T20:27:16 IST" name="Default test" finished-at="2023-08-10T20:27:41 IST" duration-ms="25414">
      <class name="LoginProcess.loginWithJxl">
        <test-method is-config="true" signature="beforTest()[pri:0, instance:LoginProcess.loginWithJxl@6fa51cd4]" started-at="2023-08-10T20:27:16 IST" name="beforTest" finished-at="2023-08-10T20:27:28 IST" duration-ms="11981" status="PASS">
          <reporter-output>
          </reporter-output>
        </test-method> <!-- beforTest -->
        <test-method signature="loginWithCredentials(java.lang.String,java.lang.String)[pri:0, instance:LoginProcess.loginWithJxl@6fa51cd4]" started-at="2023-08-10T20:27:28 IST" name="loginWithCredentials" data-provider="loginData" finished-at="2023-08-10T20:27:32 IST" duration-ms="3274" status="PASS">
          <params>
            <param index="0">
              <value>
                <![CDATA[admin3]]>
              </value>
            </param>
            <param index="1">
              <value>
                <![CDATA[admin456]]>
              </value>
            </param>
          </params>
          <reporter-output>
          </reporter-output>
        </test-method> <!-- loginWithCredentials -->
        <test-method signature="loginWithCredentials(java.lang.String,java.lang.String)[pri:0, instance:LoginProcess.loginWithJxl@6fa51cd4]" started-at="2023-08-10T20:27:32 IST" name="loginWithCredentials" data-provider="loginData" finished-at="2023-08-10T20:27:35 IST" duration-ms="3317" status="PASS">
          <params>
            <param index="0">
              <value>
                <![CDATA[Admin]]>
              </value>
            </param>
            <param index="1">
              <value>
                <![CDATA[admin789]]>
              </value>
            </param>
          </params>
          <reporter-output>
          </reporter-output>
        </test-method> <!-- loginWithCredentials -->
        <test-method signature="loginWithCredentials(java.lang.String,java.lang.String)[pri:0, instance:LoginProcess.loginWithJxl@6fa51cd4]" started-at="2023-08-10T20:27:35 IST" name="loginWithCredentials" data-provider="loginData" finished-at="2023-08-10T20:27:38 IST" duration-ms="3224" status="PASS">
          <params>
            <param index="0">
              <value>
                <![CDATA[admin2]]>
              </value>
            </param>
            <param index="1">
              <value>
                <![CDATA[admin123]]>
              </value>
            </param>
          </params>
          <reporter-output>
          </reporter-output>
        </test-method> <!-- loginWithCredentials -->
        <test-method signature="loginWithCredentials(java.lang.String,java.lang.String)[pri:0, instance:LoginProcess.loginWithJxl@6fa51cd4]" started-at="2023-08-10T20:27:38 IST" name="loginWithCredentials" data-provider="loginData" finished-at="2023-08-10T20:27:41 IST" duration-ms="3227" status="PASS">
          <params>
            <param index="0">
              <value>
                <![CDATA[Admin]]>
              </value>
            </param>
            <param index="1">
              <value>
                <![CDATA[admin123]]>
              </value>
            </param>
          </params>
          <reporter-output>
          </reporter-output>
        </test-method> <!-- loginWithCredentials -->
        <test-method is-config="true" signature="afterTest()[pri:0, instance:LoginProcess.loginWithJxl@6fa51cd4]" started-at="2023-08-10T20:27:41 IST" name="afterTest" finished-at="2023-08-10T20:27:41 IST" duration-ms="1" status="PASS">
          <reporter-output>
          </reporter-output>
        </test-method> <!-- afterTest -->
      </class> <!-- LoginProcess.loginWithJxl -->
    </test> <!-- Default test -->
  </suite> <!-- Default suite -->
</testng-results>
