<?xml version="1.0" encoding="UTF-8"?>
<!-- Generated by org.testng.reporters.JUnitXMLReporter -->
<testsuite ignored="0" hostname="LAPTOP-V9DUL7Q0" failures="0" tests="4" name="Default test" time="25.414" errors="0" timestamp="2023-08-10T20:27:41 IST">
  <testcase classname="LoginProcess.loginWithJxl" name="loginWithCredentials" time="3.274"/>
  <testcase classname="LoginProcess.loginWithJxl" name="loginWithCredentials" time="3.317"/>
  <testcase classname="LoginProcess.loginWithJxl" name="loginWithCredentials" time="3.224"/>
  <testcase classname="LoginProcess.loginWithJxl" name="loginWithCredentials" time="3.227"/>
</testsuite> <!-- Default test -->
